<?xml version="1.0" encoding="UTF-8"?>
<testng-results skipped="0" failed="0" ignored="0" total="0" passed="0">
  <reporter-output>
  </reporter-output>
  <suite name="Santanuapk.Santanuapk.AppTest" duration-ms="8" started-at="2020-09-09T00:01:03 IST" finished-at="2020-09-09T00:01:03 IST">
    <groups>
    </groups>
    <test name="Command line test" duration-ms="8" started-at="2020-09-09T00:01:03 IST" finished-at="2020-09-09T00:01:03 IST">
    </test> <!-- Command line test -->
  </suite> <!-- Santanuapk.Santanuapk.AppTest -->
</testng-results>
