<?xml version="1.0" encoding="UTF-8"?>
<testng-results skipped="0" failed="0" total="4" passed="4">
  <reporter-output>
  </reporter-output>
  <suite name="Suite" duration-ms="141173" started-at="2020-09-08T19:20:36Z" finished-at="2020-09-08T19:22:57Z">
    <groups>
    </groups>
    <test name="Test" duration-ms="141173" started-at="2020-09-08T19:20:36Z" finished-at="2020-09-08T19:22:57Z">
      <class name="amazontest.orientation">
        <test-method status="PASS" signature="testApp()[pri:0, instance:amazontest.orientation@544fe44c]" name="testApp" is-config="true" duration-ms="21142" started-at="2020-09-09T00:50:36Z" finished-at="2020-09-09T00:50:57Z">
          <reporter-output>
          </reporter-output>
        </test-method> <!-- testApp -->
        <test-method status="PASS" signature="testApp1()[pri:0, instance:amazontest.orientation@544fe44c]" name="testApp1" duration-ms="67999" started-at="2020-09-09T00:50:57Z" finished-at="2020-09-09T00:52:05Z">
          <reporter-output>
          </reporter-output>
        </test-method> <!-- testApp1 -->
        <test-method status="PASS" signature="login()[pri:1, instance:amazontest.orientation@544fe44c]" name="login" duration-ms="25112" started-at="2020-09-09T00:52:05Z" finished-at="2020-09-09T00:52:30Z">
          <reporter-output>
          </reporter-output>
        </test-method> <!-- login -->
        <test-method status="PASS" signature="appiumStart()[pri:1, instance:amazontest.orientation@544fe44c]" name="appiumStart" duration-ms="15039" started-at="2020-09-09T00:52:31Z" finished-at="2020-09-09T00:52:46Z">
          <reporter-output>
          </reporter-output>
        </test-method> <!-- appiumStart -->
        <test-method status="PASS" signature="performOrientation()[pri:2, instance:amazontest.orientation@544fe44c]" name="performOrientation" duration-ms="11818" started-at="2020-09-09T00:52:46Z" finished-at="2020-09-09T00:52:57Z">
          <reporter-output>
          </reporter-output>
        </test-method> <!-- performOrientation -->
        <test-method status="PASS" signature="tearDown()[pri:0, instance:amazontest.orientation@544fe44c]" name="tearDown" is-config="true" duration-ms="1" started-at="2020-09-09T00:52:57Z" finished-at="2020-09-09T00:52:57Z">
          <reporter-output>
          </reporter-output>
        </test-method> <!-- tearDown -->
      </class> <!-- amazontest.orientation -->
    </test> <!-- Test -->
  </suite> <!-- Suite -->
</testng-results>
